  [1m[35m (2.0ms)[0m  [1m[35mCREATE TABLE "schema_migrations" ("version" varchar NOT NULL PRIMARY KEY)[0m
  [1m[35m (0.3ms)[0m  [1m[35mCREATE TABLE "ar_internal_metadata" ("key" varchar NOT NULL PRIMARY KEY, "value" varchar, "created_at" datetime(6) NOT NULL, "updated_at" datetime(6) NOT NULL)[0m
  [1m[36mActiveRecord::InternalMetadata Load (0.3ms)[0m  [1m[34mSELECT * FROM "ar_internal_metadata" WHERE "ar_internal_metadata"."key" = ? ORDER BY "ar_internal_metadata"."key" ASC LIMIT 1[0m  [[nil, "environment"]]
  [1m[36mActiveRecord::InternalMetadata Create (0.4ms)[0m  [1m[32mINSERT INTO "ar_internal_metadata" ("key", "value", "created_at", "updated_at") VALUES ('environment', 'development', '2025-05-11 20:39:13.356007', '2025-05-11 20:39:13.356015') RETURNING "key"[0m
  [1m[36mActiveRecord::SchemaMigration Load (0.2ms)[0m  [1m[34mSELECT "schema_migrations"."version" FROM "schema_migrations" ORDER BY "schema_migrations"."version" ASC[0m
Migrating to CreateSalons (20250511203905)
  [1m[36mTRANSACTION (0.7ms)[0m  [1m[36mbegin transaction[0m
  [1m[35m (4.0ms)[0m  [1m[35mCREATE TABLE "salons" ("id" integer PRIMARY KEY AUTOINCREMENT NOT NULL, "name" varchar, "address" varchar, "created_at" datetime(6) NOT NULL, "updated_at" datetime(6) NOT NULL)[0m
  [1m[36mActiveRecord::SchemaMigration Create (0.3ms)[0m  [1m[32mINSERT INTO "schema_migrations" ("version") VALUES ('20250511203905') RETURNING "version"[0m
  [1m[36mTRANSACTION (0.2ms)[0m  [1m[36mcommit transaction[0m
Migrating to CreateCars (20250511203907)
  [1m[36mTRANSACTION (0.1ms)[0m  [1m[36mbegin transaction[0m
  [1m[35m (3.1ms)[0m  [1m[35mCREATE TABLE "cars" ("id" integer PRIMARY KEY AUTOINCREMENT NOT NULL, "name" varchar, "salon_id" integer NOT NULL, "created_at" datetime(6) NOT NULL, "updated_at" datetime(6) NOT NULL, CONSTRAINT "fk_rails_a6176fd79c"
FOREIGN KEY ("salon_id")
  REFERENCES "salons" ("id")
)[0m
  [1m[35m (0.3ms)[0m  [1m[35mCREATE INDEX "index_cars_on_salon_id" ON "cars" ("salon_id")[0m
  [1m[36mActiveRecord::SchemaMigration Create (0.3ms)[0m  [1m[32mINSERT INTO "schema_migrations" ("version") VALUES ('20250511203907') RETURNING "version"[0m
  [1m[36mTRANSACTION (0.3ms)[0m  [1m[36mcommit transaction[0m
Migrating to CreatePhones (20250511203910)
  [1m[36mTRANSACTION (0.1ms)[0m  [1m[36mbegin transaction[0m
  [1m[35m (2.5ms)[0m  [1m[35mCREATE TABLE "phones" ("id" integer PRIMARY KEY AUTOINCREMENT NOT NULL, "number" varchar, "salon_id" integer NOT NULL, "created_at" datetime(6) NOT NULL, "updated_at" datetime(6) NOT NULL, CONSTRAINT "fk_rails_fae219d9eb"
FOREIGN KEY ("salon_id")
  REFERENCES "salons" ("id")
)[0m
  [1m[35m (0.3ms)[0m  [1m[35mCREATE INDEX "index_phones_on_salon_id" ON "phones" ("salon_id")[0m
  [1m[36mActiveRecord::SchemaMigration Create (0.3ms)[0m  [1m[32mINSERT INTO "schema_migrations" ("version") VALUES ('20250511203910') RETURNING "version"[0m
  [1m[36mTRANSACTION (0.3ms)[0m  [1m[36mcommit transaction[0m
  [1m[36mActiveRecord::SchemaMigration Load (0.2ms)[0m  [1m[34mSELECT "schema_migrations"."version" FROM "schema_migrations" ORDER BY "schema_migrations"."version" ASC[0m
  [1m[36mTRANSACTION (0.1ms)[0m  [1m[36mbegin transaction[0m
  [1m[36mSalon Exists? (1.1ms)[0m  [1m[34mSELECT 1 AS one FROM "salons" WHERE "salons"."name" IS NULL LIMIT ?[0m  [["LIMIT", 1]]
  [1m[36mTRANSACTION (0.1ms)[0m  [1m[31mrollback transaction[0m
  [1m[36mSalon Exists? (0.2ms)[0m  [1m[34mSELECT 1 AS one FROM "salons" WHERE "salons"."name" IS NULL LIMIT ?[0m  [["LIMIT", 1]]
  [1m[36mTRANSACTION (0.1ms)[0m  [1m[36mbegin transaction[0m
  [1m[36mSalon Exists? (1.2ms)[0m  [1m[34mSELECT 1 AS one FROM "salons" WHERE "salons"."name" IS NULL LIMIT ?[0m  [["LIMIT", 1]]
  [1m[36mTRANSACTION (0.1ms)[0m  [1m[31mrollback transaction[0m
  [1m[36mSalon Exists? (0.2ms)[0m  [1m[34mSELECT 1 AS one FROM "salons" WHERE "salons"."name" IS NULL LIMIT ?[0m  [["LIMIT", 1]]
  [1m[36mTRANSACTION (0.1ms)[0m  [1m[36mbegin transaction[0m
  [1m[36mSalon Exists? (0.8ms)[0m  [1m[34mSELECT 1 AS one FROM "salons" WHERE "salons"."name" = ? LIMIT ?[0m  [["name", "АвтоСвіт"], ["LIMIT", 1]]
  [1m[36mSalon Create (0.5ms)[0m  [1m[32mINSERT INTO "salons" ("name", "address", "created_at", "updated_at") VALUES (?, ?, ?, ?) RETURNING "id"[0m  [["name", "АвтоСвіт"], ["address", "вул. Незалежності, 1"], ["created_at", "2025-05-11 20:46:46.961898"], ["updated_at", "2025-05-11 20:46:46.961898"]]
  [1m[36mTRANSACTION (17.3ms)[0m  [1m[36mcommit transaction[0m
  [1m[36mSalon Exists? (0.3ms)[0m  [1m[34mSELECT 1 AS one FROM "salons" WHERE "salons"."name" = ? AND "salons"."id" != ? LIMIT ?[0m  [["name", "АвтоСвіт"], ["id", 1], ["LIMIT", 1]]
  [1m[36mTRANSACTION (0.1ms)[0m  [1m[36mbegin transaction[0m
  [1m[36mCar Create (0.9ms)[0m  [1m[32mINSERT INTO "cars" ("name", "salon_id", "created_at", "updated_at") VALUES (?, ?, ?, ?) RETURNING "id"[0m  [["name", "Toyota Corolla"], ["salon_id", 1], ["created_at", "2025-05-11 20:47:43.795261"], ["updated_at", "2025-05-11 20:47:43.795261"]]
  [1m[36mTRANSACTION (0.2ms)[0m  [1m[36mcommit transaction[0m
  [1m[36mTRANSACTION (0.1ms)[0m  [1m[36mbegin transaction[0m
  [1m[36mPhone Create (0.9ms)[0m  [1m[32mINSERT INTO "phones" ("number", "salon_id", "created_at", "updated_at") VALUES (?, ?, ?, ?) RETURNING "id"[0m  [["number", "+380501234567"], ["salon_id", 1], ["created_at", "2025-05-11 20:47:58.378658"], ["updated_at", "2025-05-11 20:47:58.378658"]]
  [1m[36mTRANSACTION (0.3ms)[0m  [1m[36mcommit transaction[0m
  [1m[36mSalon Load (0.4ms)[0m  [1m[34mSELECT "salons".* FROM "salons" /* loading for pp */ LIMIT ?[0m  [["LIMIT", 11]]
